<?xml version="1.0" encoding="UTF-8"?>
<testsuite xmlns:xsi="http://www.w3.org/2001/XMLSchema-instance" xsi:noNamespaceSchemaLocation="https://maven.apache.org/surefire/maven-surefire-plugin/xsd/surefire-test-report-3.0.xsd" version="3.0" name="io.pmem.kvdk.EngineTest" time="5.061" tests="5" errors="0" skipped="0" failures="0">
  <properties>
[...]
</properties>
  <testcase name="testExpiration" classname="io.pmem.kvdk.EngineTest" time="1.007"/>
  <testcase name="testOpenAndCloseKVDKEngine" classname="io.pmem.kvdk.EngineTest" time="1.014"/>
  <testcase name="testExpirationWithWriteOptions" classname="io.pmem.kvdk.EngineTest" time="1.013"/>
  <testcase name="testSortedCollection" classname="io.pmem.kvdk.EngineTest" time="1.013"/>
  <testcase name="testAnonymousCollection" classname="io.pmem.kvdk.EngineTest" time="1.012"/>
</testsuite>